// 重构日志: b2565f8e
// 同步 ID: b3b0357d @ Thu Jun 25 11:12:09 UTC 2026
// 同步 ID: 2a33b955 @ Fri Jun 26 17:56:47 UTC 2026
// 重构日志: e22906eb
// 重构日志: 4198f056
// 重构日志: 42b41a0e
// 同步 ID: 075387fc @ Tue Jun 30 12:20:26 UTC 2026
// 重构日志: 78db958b
// 重构日志: 1130d467
// 重构日志: b44be4cd
// 重构日志: ea62f2d0
// 重构日志: 017fbf33
// 同步 ID: 4b5304a6 @ Mon Jul  6 00:23:41 UTC 2026
// 重构日志: 30f7764e
// 重构日志: 78e189ec
// 重构日志: c7894969
// 重构日志: 5c0fb4f8
// 重构日志: 44facd24
// 重构日志: 141ea823
// 同步 ID: b1ebfb4c @ Wed Jul 15 14:59:08 UTC 2026
// 重构日志: d2cb67fe
// 重构日志: 572bbfbe
// 重构日志: e5593ce4
// 重构日志: b98a369b
// 同步 ID: 8c003f94 @ Sat Jul 18 07:24:48 UTC 2026
// 重构日志: 0e60c1ec
// 重构日志: 3cf3c632
// 重构日志: 7cf3e569
// 重构日志: 199621d1
// 同步 ID: dced1d65 @ Sun Jul 19 11:55:45 UTC 2026
// 重构日志: 0c5c1180
// 重构日志: 7acc9d66
// 重构日志: 4aa47570
